<?xml version="1.0" encoding="utf-8"?><testsuites name="pytest tests"><testsuite name="pytest" errors="0" failures="2" skipped="1" tests="50" time="68.764" timestamp="2026-08-17T16:49:14.117292+00:00" hostname="agent-env-b9373a79-a580-48c8-a34f-c290e55a67b7"><testcase classname="tests.test_iter3" name="test_admin_login_wrong_creds" time="0.438" /><testcase classname="tests.backend_test" name="test_root" time="0.428" /><testcase classname="tests.backend_test" name="test_discord_login_url" time="0.120" /><testcase classname="tests.test_iter3" name="test_admin_login_success_and_me" time="0.654" /><testcase classname="tests.backend_test" name="test_auth_me_unauth" time="0.289" /><testcase classname="tests.backend_test" name="test_logout_no_body" time="0.177" /><testcase classname="tests.backend_test" name="test_leaderboard_types[daily]" time="1.006" /><testcase classname="tests.test_iter3" name="test_admin_me_no_cookie" time="0.153" /><testcase classname="tests.test_iter3" name="test_admin_brute_force_lockout" time="2.875"><skipped type="pytest.xfail" message="Brute-force identifier is client.host+username; behind k8s ingress client.host varies across pods so lockout never triggers. Should use X-Forwarded-For or username-only." /></testcase><testcase classname="tests.backend_test" name="test_leaderboard_types[weekly]" time="0.974" /><testcase classname="tests.backend_test" name="test_leaderboard_types[monthly]" time="0.838" /><testcase classname="tests.backend_test" name="test_leaderboard_invalid" time="0.283" /><testcase classname="tests.backend_test" name="test_leaderboard_masked" time="0.155" /><testcase classname="tests.test_iter3" name="test_live_initial_shape" time="0.178" /><testcase classname="tests.backend_test" name="test_leaderboard_cache" time="0.441" /><testcase classname="tests.backend_test" name="test_store_rewards_seeded" time="0.193" /><testcase classname="tests.test_iter3" name="test_admin_set_live_and_read" time="0.948" /><testcase classname="tests.backend_test" name="test_redeem_no_auth" time="0.131" /><testcase classname="tests.backend_test" name="test_games_list_empty_initially" time="0.141" /><testcase classname="tests.backend_test" name="test_games_join_no_auth" time="0.173" /><testcase classname="tests.backend_test" name="test_admin_users_no_auth" time="0.318"><failure message="assert 403 == 401&#10; +  where 403 = &lt;Response [403]&gt;.status_code">backend/tests/backend_test.py:178: in test_admin_users_no_auth
    assert r.status_code == 401
E   assert 403 == 401
E    +  where 403 = &lt;Response [403]&gt;.status_code</failure></testcase><testcase classname="tests.test_iter3" name="test_admin_create_giveaway" time="0.494" /><testcase classname="tests.backend_test" name="test_admin_games_no_auth" time="0.141"><failure message="assert 403 == 401&#10; +  where 403 = &lt;Response [403]&gt;.status_code">backend/tests/backend_test.py:183: in test_admin_games_no_auth
    assert r.status_code == 401
E   assert 403 == 401
E    +  where 403 = &lt;Response [403]&gt;.status_code</failure></testcase><testcase classname="tests.test_iter3" name="test_public_giveaways_lists_it" time="0.142" /><testcase classname="tests.backend_test" name="test_auth_me_viewer" time="0.123" /><testcase classname="tests.test_iter3" name="test_enter_giveaway_and_duplicate" time="0.444" /><testcase classname="tests.backend_test" name="test_points_me" time="0.152" /><testcase classname="tests.backend_test" name="test_points_ledger_initial_empty" time="0.118" /><testcase classname="tests.backend_test" name="test_redeem_success_and_balance_stock" time="1.253" /><testcase classname="tests.test_iter3" name="test_enter_giveaway_unauth" time="0.122" /><testcase classname="tests.test_iter3" name="test_admin_draw_giveaway" time="0.623" /><testcase classname="tests.backend_test" name="test_insufficient_points" time="0.281" /><testcase classname="tests.test_iter3" name="test_admin_close_giveaway" time="1.795" /><testcase classname="tests.backend_test" name="test_owner_create_game" time="0.154" /><testcase classname="tests.backend_test" name="test_non_owner_cannot_create_game" time="0.134" /><testcase classname="tests.backend_test" name="test_viewer_join_game" time="0.478" /><testcase classname="tests.backend_test" name="test_duplicate_join" time="0.151" /><testcase classname="tests.backend_test" name="test_resolve_game_payout" time="0.591" /><testcase classname="tests.backend_test" name="test_admin_grant" time="0.634" /><testcase classname="tests.test_iter3" name="test_admin_create_custom_lb" time="0.504" /><testcase classname="tests.test_iter3" name="test_leaderboard_includes_custom" time="0.117" /><testcase classname="tests.test_iter3" name="test_admin_delete_custom_lb" time="0.605" /><testcase classname="tests.backend_test" name="test_admin_users_list" time="0.162" /><testcase classname="tests.test_iter3" name="test_admin_create_and_delete_reward" time="0.868" /><testcase classname="tests.test_iter3" name="test_points_ledger_shape" time="0.127" /><testcase classname="tests.test_iter3" name="test_points_ledger_unauth" time="0.117" /><testcase classname="tests.test_iter3" name="test_points_redemptions_shape" time="0.175" /><testcase classname="tests.test_iter3" name="test_points_leaderboard_public" time="0.129" /><testcase classname="tests.test_iter3" name="test_admin_cookie_can_list_users" time="36.440" /><testcase classname="tests.test_iter3" name="test_no_cookie_admin_endpoints_401_or_403" time="19.858" /></testsuite></testsuites>