<?xml version="1.0" encoding="utf-8"?><testsuites name="pytest tests"><testsuite name="pytest" errors="0" failures="0" skipped="0" tests="28" time="9.176" timestamp="2026-08-17T16:05:09.700408+00:00" hostname="agent-env-b9373a79-a580-48c8-a34f-c290e55a67b7"><testcase classname="tests.backend_test" name="test_root" time="0.254" /><testcase classname="tests.backend_test" name="test_discord_login_url" time="0.165" /><testcase classname="tests.backend_test" name="test_auth_me_unauth" time="0.220" /><testcase classname="tests.backend_test" name="test_logout_no_body" time="0.196" /><testcase classname="tests.backend_test" name="test_leaderboard_types[daily]" time="0.849" /><testcase classname="tests.backend_test" name="test_leaderboard_types[weekly]" time="0.675" /><testcase classname="tests.backend_test" name="test_leaderboard_types[monthly]" time="0.712" /><testcase classname="tests.backend_test" name="test_leaderboard_invalid" time="0.174" /><testcase classname="tests.backend_test" name="test_leaderboard_masked" time="0.140" /><testcase classname="tests.backend_test" name="test_leaderboard_cache" time="0.301" /><testcase classname="tests.backend_test" name="test_store_rewards_seeded" time="0.160" /><testcase classname="tests.backend_test" name="test_redeem_no_auth" time="0.160" /><testcase classname="tests.backend_test" name="test_games_list_empty_initially" time="0.196" /><testcase classname="tests.backend_test" name="test_games_join_no_auth" time="0.145" /><testcase classname="tests.backend_test" name="test_admin_users_no_auth" time="0.153" /><testcase classname="tests.backend_test" name="test_admin_games_no_auth" time="0.141" /><testcase classname="tests.backend_test" name="test_auth_me_viewer" time="0.179" /><testcase classname="tests.backend_test" name="test_points_me" time="0.156" /><testcase classname="tests.backend_test" name="test_points_ledger_initial_empty" time="0.149" /><testcase classname="tests.backend_test" name="test_redeem_success_and_balance_stock" time="0.947" /><testcase classname="tests.backend_test" name="test_insufficient_points" time="0.336" /><testcase classname="tests.backend_test" name="test_owner_create_game" time="0.138" /><testcase classname="tests.backend_test" name="test_non_owner_cannot_create_game" time="0.153" /><testcase classname="tests.backend_test" name="test_viewer_join_game" time="0.463" /><testcase classname="tests.backend_test" name="test_duplicate_join" time="0.167" /><testcase classname="tests.backend_test" name="test_resolve_game_payout" time="0.438" /><testcase classname="tests.backend_test" name="test_admin_grant" time="0.508" /><testcase classname="tests.backend_test" name="test_admin_users_list" time="0.154" /></testsuite></testsuites>